app/build/outputs/logs/manifest-merger-debug-report.txt
-- Merging decision tree log ---
manifest
ADDED from src\main\AndroidManifest.xml:2:1-97:12
	package
		ADDED from src\main\AndroidManifest.xml:3:5-40
		INJECTED from src\main\AndroidManifest.xml
		INJECTED from src\main\AndroidManifest.xml
	android:versionName
		ADDED from src\main\AndroidManifest.xml:5:5-30
		INJECTED from src\main\AndroidManifest.xml
		INJECTED from src\main\AndroidManifest.xml
	android:versionCode
		ADDED from src\main\AndroidManifest.xml:4:5-28
		INJECTED from src\main\AndroidManifest.xml
		INJECTED from src\main\AndroidManifest.xml
	xmlns:android
		ADDED from src\main\AndroidManifest.xml:2:11-69
uses-permission#android.permission.INTERNET
ADDED from src\main\AndroidManifest.xml:7:5-67
	android:name
		ADDED from src\main\AndroidManifest.xml:7:22-64
uses-permission#android.permission.ACCESS_NETWORK_STATE
ADDED from src\main\AndroidManifest.xml:8:5-79
	android:name
		ADDED from src\main\AndroidManifest.xml:8:22-76
uses-permission#android.permission.ACCESS_WIFI_STATE
ADDED from src\main\AndroidManifest.xml:9:5-76
	android:name
		ADDED from src\main\AndroidManifest.xml:9:22-73
uses-permission#android.permission.WRITE_EXTERNAL_STORAGE
ADDED from src\main\AndroidManifest.xml:10:5-81
	android:name
		ADDED from src\main\AndroidManifest.xml:10:22-78
application
ADDED from src\main\AndroidManifest.xml:12:5-95:19
MERGED from [com.android.support:appcompat-v7:23.1.0] AndroidManifest.xml:22:5-20
MERGED from [com.android.support:support-v4:23.1.0] AndroidManifest.xml:22:5-20
MERGED from [com.android.support:design:23.1.0] AndroidManifest.xml:22:5-20
MERGED from [com.android.support:appcompat-v7:23.1.0] AndroidManifest.xml:22:5-20
MERGED from [com.android.support:support-v4:23.1.0] AndroidManifest.xml:22:5-20
MERGED from [com.android.support:support-v4:23.1.0] AndroidManifest.xml:22:5-20
MERGED from [com.android.support:support-v4:23.1.0] AndroidManifest.xml:22:5-20
	android:label
		ADDED from src\main\AndroidManifest.xml:16:9-41
	android:allowBackup
		ADDED from src\main\AndroidManifest.xml:14:9-35
	android:icon
		ADDED from src\main\AndroidManifest.xml:15:9-43
	android:theme
		ADDED from src\main\AndroidManifest.xml:17:9-40
	android:name
		ADDED from src\main\AndroidManifest.xml:13:9-64
activity#edu.ubbcluj.canvasAndroid.view.activity.LoginActivity
ADDED from src\main\AndroidManifest.xml:18:9-27:20
	android:screenOrientation
		ADDED from src\main\AndroidManifest.xml:21:13-49
	android:label
		ADDED from src\main\AndroidManifest.xml:20:13-45
	android:theme
		ADDED from src\main\AndroidManifest.xml:22:13-56
	android:name
		ADDED from src\main\AndroidManifest.xml:19:13-56
intent-filter#android.intent.action.MAIN+android.intent.category.LAUNCHER
ADDED from src\main\AndroidManifest.xml:23:13-26:29
action#android.intent.action.MAIN
ADDED from src\main\AndroidManifest.xml:24:17-69
	android:name
		ADDED from src\main\AndroidManifest.xml:24:25-66
category#android.intent.category.LAUNCHER
ADDED from src\main\AndroidManifest.xml:25:17-77
	android:name
		ADDED from src\main\AndroidManifest.xml:25:27-74
activity#edu.ubbcluj.canvasAndroid.view.activity.DashBoardActivity
ADDED from src\main\AndroidManifest.xml:29:9-36:20
	android:screenOrientation
		ADDED from src\main\AndroidManifest.xml:32:13-49
	android:label
		ADDED from src\main\AndroidManifest.xml:31:13-61
	android:name
		ADDED from src\main\AndroidManifest.xml:30:13-60
meta-data#android.support.PARENT_ACTIVITY
ADDED from src\main\AndroidManifest.xml:33:13-35:67
	android:value
		ADDED from src\main\AndroidManifest.xml:35:17-64
	android:name
		ADDED from src\main\AndroidManifest.xml:34:17-63
activity#edu.ubbcluj.canvasAndroid.view.activity.BaseActivity
ADDED from src\main\AndroidManifest.xml:38:9-41:52
	android:screenOrientation
		ADDED from src\main\AndroidManifest.xml:41:13-49
	android:label
		ADDED from src\main\AndroidManifest.xml:40:13-56
	android:name
		ADDED from src\main\AndroidManifest.xml:39:13-55
activity#edu.ubbcluj.canvasAndroid.view.activity.CourseActivity
ADDED from src\main\AndroidManifest.xml:43:9-51:20
	android:screenOrientation
		ADDED from src\main\AndroidManifest.xml:47:13-49
	android:label
		ADDED from src\main\AndroidManifest.xml:45:13-58
	android:noHistory
		ADDED from src\main\AndroidManifest.xml:46:13-37
	android:name
		ADDED from src\main\AndroidManifest.xml:44:13-57
activity#edu.ubbcluj.canvasAndroid.view.activity.MessagesActivity
ADDED from src\main\AndroidManifest.xml:53:9-60:20
	android:screenOrientation
		ADDED from src\main\AndroidManifest.xml:56:13-49
	android:label
		ADDED from src\main\AndroidManifest.xml:55:13-60
	android:name
		ADDED from src\main\AndroidManifest.xml:54:13-59
activity#edu.ubbcluj.canvasAndroid.view.activity.MessageItemActivity
ADDED from src\main\AndroidManifest.xml:61:9-68:20
	android:screenOrientation
		ADDED from src\main\AndroidManifest.xml:64:13-49
	android:label
		ADDED from src\main\AndroidManifest.xml:63:13-64
	android:name
		ADDED from src\main\AndroidManifest.xml:62:13-62
activity#edu.ubbcluj.canvasAndroid.view.activity.AnnouncementActivity
ADDED from src\main\AndroidManifest.xml:69:9-77:20
	android:screenOrientation
		ADDED from src\main\AndroidManifest.xml:73:13-49
	android:label
		ADDED from src\main\AndroidManifest.xml:71:13-63
	android:noHistory
		ADDED from src\main\AndroidManifest.xml:72:13-37
	android:name
		ADDED from src\main\AndroidManifest.xml:70:13-63
activity#edu.ubbcluj.canvasAndroid.view.activity.CourseSelectionActivity
ADDED from src\main\AndroidManifest.xml:78:9-84:20
	android:label
		ADDED from src\main\AndroidManifest.xml:80:13-68
	android:name
		ADDED from src\main\AndroidManifest.xml:79:13-66
activity#edu.ubbcluj.canvasAndroid.view.activity.AssignmentActivity
ADDED from src\main\AndroidManifest.xml:85:9-92:20
	android:screenOrientation
		ADDED from src\main\AndroidManifest.xml:88:13-49
	android:label
		ADDED from src\main\AndroidManifest.xml:87:13-62
	android:name
		ADDED from src\main\AndroidManifest.xml:86:13-61
service#edu.ubbcluj.canvasAndroid.view.activity.MyService
ADDED from src\main\AndroidManifest.xml:94:9-60
	android:name
		ADDED from src\main\AndroidManifest.xml:94:18-57
uses-sdk
INJECTED from src\main\AndroidManifest.xml reason: use-sdk injection requested
MERGED from [com.android.support:appcompat-v7:23.1.0] AndroidManifest.xml:20:5-43
MERGED from [com.android.support:support-v4:23.1.0] AndroidManifest.xml:20:5-43
MERGED from [com.android.support:design:23.1.0] AndroidManifest.xml:20:5-43
MERGED from [com.android.support:appcompat-v7:23.1.0] AndroidManifest.xml:20:5-43
MERGED from [com.android.support:support-v4:23.1.0] AndroidManifest.xml:20:5-43
MERGED from [com.android.support:recyclerview-v7:23.1.0] AndroidManifest.xml:20:5-43
MERGED from [com.android.support:support-v4:23.1.0] AndroidManifest.xml:20:5-43
MERGED from [com.android.support:support-v4:23.1.0] AndroidManifest.xml:20:5-43
	android:targetSdkVersion
		INJECTED from src\main\AndroidManifest.xml
		INJECTED from src\main\AndroidManifest.xml
	android:minSdkVersion
		INJECTED from src\main\AndroidManifest.xml
		INJECTED from src\main\AndroidManifest.xml